[error] Failed to fetch Firebase Project from Studio Workspace because WORKSPACE_SLUG environment variable is empty
[error] Failed to fetch Firebase Project from Studio Workspace because WORKSPACE_SLUG environment variable is empty
[error] Failed to fetch Firebase Project from Studio Workspace because WORKSPACE_SLUG environment variable is empty
[error] Failed to fetch Firebase Project from Studio Workspace because WORKSPACE_SLUG environment variable is empty
[debug] [2025-11-15T14:00:59.358Z] > command requires scopes: ["email","openid","https://www.googleapis.com/auth/cloudplatformprojects.readonly","https://www.googleapis.com/auth/firebase","https://www.googleapis.com/auth/cloud-platform","https://www.googleapis.com/auth/userinfo.email"]
[debug] [2025-11-15T14:00:59.362Z] > command requires scopes: ["email","openid","https://www.googleapis.com/auth/cloudplatformprojects.readonly","https://www.googleapis.com/auth/firebase","https://www.googleapis.com/auth/cloud-platform","https://www.googleapis.com/auth/userinfo.email"]
[error] Failed to fetch Firebase Project from Studio Workspace because WORKSPACE_SLUG environment variable is empty
[error] Failed to fetch Firebase Project from Studio Workspace because WORKSPACE_SLUG environment variable is empty
[error] Failed to fetch Firebase Project from Studio Workspace because WORKSPACE_SLUG environment variable is empty
[debug] [2025-11-15T14:01:09.787Z] > command requires scopes: ["email","openid","https://www.googleapis.com/auth/cloudplatformprojects.readonly","https://www.googleapis.com/auth/firebase","https://www.googleapis.com/auth/cloud-platform","https://www.googleapis.com/auth/userinfo.email"]
[error] Failed to fetch Firebase Project from Studio Workspace because WORKSPACE_SLUG environment variable is empty
[debug] [2025-11-15T14:01:11.935Z] > command requires scopes: ["email","openid","https://www.googleapis.com/auth/cloudplatformprojects.readonly","https://www.googleapis.com/auth/firebase","https://www.googleapis.com/auth/cloud-platform","https://www.googleapis.com/auth/userinfo.email"]
[error] Failed to fetch Firebase Project from Studio Workspace because WORKSPACE_SLUG environment variable is empty
[error] Failed to fetch Firebase Project from Studio Workspace because WORKSPACE_SLUG environment variable is empty
[error] Failed to fetch Firebase Project from Studio Workspace because WORKSPACE_SLUG environment variable is empty
[debug] [2025-11-15T14:01:11.966Z] > command requires scopes: ["email","openid","https://www.googleapis.com/auth/cloudplatformprojects.readonly","https://www.googleapis.com/auth/firebase","https://www.googleapis.com/auth/cloud-platform","https://www.googleapis.com/auth/userinfo.email"]
[error] Failed to fetch Firebase Project from Studio Workspace because WORKSPACE_SLUG environment variable is empty
[error] Failed to fetch Firebase Project from Studio Workspace because WORKSPACE_SLUG environment variable is empty
[error] Failed to fetch Firebase Project from Studio Workspace because WORKSPACE_SLUG environment variable is empty
[debug] [2025-11-15T14:01:11.979Z] > command requires scopes: ["email","openid","https://www.googleapis.com/auth/cloudplatformprojects.readonly","https://www.googleapis.com/auth/firebase","https://www.googleapis.com/auth/cloud-platform","https://www.googleapis.com/auth/userinfo.email"]
[error] Failed to fetch Firebase Project from Studio Workspace because WORKSPACE_SLUG environment variable is empty
[error] Failed to fetch Firebase Project from Studio Workspace because WORKSPACE_SLUG environment variable is empty
[debug] [2025-11-15T14:01:14.122Z] > command requires scopes: ["email","openid","https://www.googleapis.com/auth/cloudplatformprojects.readonly","https://www.googleapis.com/auth/firebase","https://www.googleapis.com/auth/cloud-platform","https://www.googleapis.com/auth/userinfo.email"]
[debug] [2025-11-15T14:01:14.122Z] > command requires scopes: ["email","openid","https://www.googleapis.com/auth/cloudplatformprojects.readonly","https://www.googleapis.com/auth/firebase","https://www.googleapis.com/auth/cloud-platform","https://www.googleapis.com/auth/userinfo.email"]
[error] Failed to fetch Firebase Project from Studio Workspace because WORKSPACE_SLUG environment variable is empty
[error] Failed to fetch Firebase Project from Studio Workspace because WORKSPACE_SLUG environment variable is empty
[error] Failed to fetch Firebase Project from Studio Workspace because WORKSPACE_SLUG environment variable is empty
[error] Failed to fetch Firebase Project from Studio Workspace because WORKSPACE_SLUG environment variable is empty
[debug] [2025-11-15T14:19:06.918Z] > command requires scopes: ["email","openid","https://www.googleapis.com/auth/cloudplatformprojects.readonly","https://www.googleapis.com/auth/firebase","https://www.googleapis.com/auth/cloud-platform","https://www.googleapis.com/auth/userinfo.email"]
[debug] [2025-11-15T14:19:06.921Z] > command requires scopes: ["email","openid","https://www.googleapis.com/auth/cloudplatformprojects.readonly","https://www.googleapis.com/auth/firebase","https://www.googleapis.com/auth/cloud-platform","https://www.googleapis.com/auth/userinfo.email"]
[error] Failed to fetch Firebase Project from Studio Workspace because WORKSPACE_SLUG environment variable is empty
[error] Failed to fetch Firebase Project from Studio Workspace because WORKSPACE_SLUG environment variable is empty
[error] Failed to fetch Firebase Project from Studio Workspace because WORKSPACE_SLUG environment variable is empty
[debug] [2025-11-15T14:19:13.186Z] > command requires scopes: ["email","openid","https://www.googleapis.com/auth/cloudplatformprojects.readonly","https://www.googleapis.com/auth/firebase","https://www.googleapis.com/auth/cloud-platform","https://www.googleapis.com/auth/userinfo.email"]
[error] Failed to fetch Firebase Project from Studio Workspace because WORKSPACE_SLUG environment variable is empty
[debug] [2025-11-15T14:19:15.323Z] > command requires scopes: ["email","openid","https://www.googleapis.com/auth/cloudplatformprojects.readonly","https://www.googleapis.com/auth/firebase","https://www.googleapis.com/auth/cloud-platform","https://www.googleapis.com/auth/userinfo.email"]
[error] Failed to fetch Firebase Project from Studio Workspace because WORKSPACE_SLUG environment variable is empty
[error] Failed to fetch Firebase Project from Studio Workspace because WORKSPACE_SLUG environment variable is empty
[error] Failed to fetch Firebase Project from Studio Workspace because WORKSPACE_SLUG environment variable is empty
[debug] [2025-11-15T14:19:15.351Z] > command requires scopes: ["email","openid","https://www.googleapis.com/auth/cloudplatformprojects.readonly","https://www.googleapis.com/auth/firebase","https://www.googleapis.com/auth/cloud-platform","https://www.googleapis.com/auth/userinfo.email"]
[error] Failed to fetch Firebase Project from Studio Workspace because WORKSPACE_SLUG environment variable is empty
[error] Failed to fetch Firebase Project from Studio Workspace because WORKSPACE_SLUG environment variable is empty
[error] Failed to fetch Firebase Project from Studio Workspace because WORKSPACE_SLUG environment variable is empty
[debug] [2025-11-15T14:19:15.364Z] > command requires scopes: ["email","openid","https://www.googleapis.com/auth/cloudplatformprojects.readonly","https://www.googleapis.com/auth/firebase","https://www.googleapis.com/auth/cloud-platform","https://www.googleapis.com/auth/userinfo.email"]
[error] Failed to fetch Firebase Project from Studio Workspace because WORKSPACE_SLUG environment variable is empty
[error] Failed to fetch Firebase Project from Studio Workspace because WORKSPACE_SLUG environment variable is empty
[debug] [2025-11-15T14:19:17.492Z] > command requires scopes: ["email","openid","https://www.googleapis.com/auth/cloudplatformprojects.readonly","https://www.googleapis.com/auth/firebase","https://www.googleapis.com/auth/cloud-platform","https://www.googleapis.com/auth/userinfo.email"]
[debug] [2025-11-15T14:19:17.492Z] > command requires scopes: ["email","openid","https://www.googleapis.com/auth/cloudplatformprojects.readonly","https://www.googleapis.com/auth/firebase","https://www.googleapis.com/auth/cloud-platform","https://www.googleapis.com/auth/userinfo.email"]
[error] Failed to fetch Firebase Project from Studio Workspace because WORKSPACE_SLUG environment variable is empty
[error] Failed to fetch Firebase Project from Studio Workspace because WORKSPACE_SLUG environment variable is empty
[debug] [2025-11-15T14:33:35.522Z] > command requires scopes: ["email","openid","https://www.googleapis.com/auth/cloudplatformprojects.readonly","https://www.googleapis.com/auth/firebase","https://www.googleapis.com/auth/cloud-platform","https://www.googleapis.com/auth/userinfo.email"]
[debug] [2025-11-15T14:33:48.581Z] Running auto auth
[error] Failed to fetch Firebase Project from Studio Workspace because WORKSPACE_SLUG environment variable is empty
[error] Failed to fetch Firebase Project from Studio Workspace because WORKSPACE_SLUG environment variable is empty
[debug] [2025-11-15T14:33:48.611Z] > command requires scopes: ["email","openid","https://www.googleapis.com/auth/cloudplatformprojects.readonly","https://www.googleapis.com/auth/firebase","https://www.googleapis.com/auth/cloud-platform","https://www.googleapis.com/auth/userinfo.email"]
[debug] [2025-11-15T14:33:48.611Z] > authorizing via signed-in user (marumeandi@gmail.com)
[info] 
=== Hosting Setup Actuation
[debug] [2025-11-15T14:33:48.618Z] >>> [apiv2][query] GET https://www.gstatic.com/firebasejs/releases.json [none]
[debug] [2025-11-15T14:33:48.689Z] <<< [apiv2][status] GET https://www.gstatic.com/firebasejs/releases.json 200
[debug] [2025-11-15T14:33:48.690Z] <<< [apiv2][body] GET https://www.gstatic.com/firebasejs/releases.json {"current":{"version":"12.6.0","browserURL":"https://www.gstatic.com/firebasejs/12.6.0/firebase.js","packageURL":"https://www.gstatic.com/firebasejs/12.6.0/firebase.tgz"},"live":{"version":"12.6","browserURL":"https://www.gstatic.com/firebasejs/live/12.6/firebase.js","packageURL":"https://www.gstatic.com/firebasejs/live/12.6/firebase.tgz"},"components":{"ai":"https://www.gstatic.com/firebasejs/12.6.0/firebase-ai.js","analytics":"https://www.gstatic.com/firebasejs/12.6.0/firebase-analytics.js","app":"https://www.gstatic.com/firebasejs/12.6.0/firebase-app.js","app-check":"https://www.gstatic.com/firebasejs/12.6.0/firebase-app-check.js","auth":"https://www.gstatic.com/firebasejs/12.6.0/firebase-auth.js","auth/cordova":"https://www.gstatic.com/firebasejs/12.6.0/firebase-auth/cordova.js","auth/web-extension":"https://www.gstatic.com/firebasejs/12.6.0/firebase-auth/web-extension.js","functions":"https://www.gstatic.com/firebasejs/12.6.0/firebase-functions.js","firestore":"https://www.gstatic.com/firebasejs/12.6.0/firebase-firestore.js","firestore/lite":"https://www.gstatic.com/firebasejs/12.6.0/firebase-firestore/lite.js","installations":"https://www.gstatic.com/firebasejs/12.6.0/firebase-installations.js","storage":"https://www.gstatic.com/firebasejs/12.6.0/firebase-storage.js","performance":"https://www.gstatic.com/firebasejs/12.6.0/firebase-performance.js","remote-config":"https://www.gstatic.com/firebasejs/12.6.0/firebase-remote-config.js","messaging":"https://www.gstatic.com/firebasejs/12.6.0/firebase-messaging.js","messaging/sw":"https://www.gstatic.com/firebasejs/12.6.0/firebase-messaging/sw.js","database":"https://www.gstatic.com/firebasejs/12.6.0/firebase-database.js","data-connect":"https://www.gstatic.com/firebasejs/12.6.0/firebase-data-connect.js","firestore.memory":"https://www.gstatic.com/firebasejs/12.6.0/firebase-firestore.memory.js"}}
[info] ✔  Wrote ./index.html 
[info] ✔  Wrote configuration info to firebase.json 
[info] ✔  Wrote project information to .firebaserc 
[error] Failed to fetch Firebase Project from Studio Workspace because WORKSPACE_SLUG environment variable is empty
[error] Failed to fetch Firebase Project from Studio Workspace because WORKSPACE_SLUG environment variable is empty
[debug] [2025-11-15T14:33:55.678Z] > command requires scopes: ["email","openid","https://www.googleapis.com/auth/cloudplatformprojects.readonly","https://www.googleapis.com/auth/firebase","https://www.googleapis.com/auth/cloud-platform","https://www.googleapis.com/auth/userinfo.email"]
[debug] [2025-11-15T14:33:55.679Z] > authorizing via signed-in user (marumeandi@gmail.com)
[error] Failed to fetch Firebase Project from Studio Workspace because WORKSPACE_SLUG environment variable is empty
[error] Failed to fetch Firebase Project from Studio Workspace because WORKSPACE_SLUG environment variable is empty
[error] Failed to fetch Firebase Project from Studio Workspace because WORKSPACE_SLUG environment variable is empty
[debug] [2025-11-15T14:34:04.084Z] > command requires scopes: ["email","openid","https://www.googleapis.com/auth/cloudplatformprojects.readonly","https://www.googleapis.com/auth/firebase","https://www.googleapis.com/auth/cloud-platform","https://www.googleapis.com/auth/userinfo.email"]
[debug] [2025-11-15T14:34:04.084Z] > authorizing via signed-in user (marumeandi@gmail.com)
[error] Failed to fetch Firebase Project from Studio Workspace because WORKSPACE_SLUG environment variable is empty
[error] Failed to fetch Firebase Project from Studio Workspace because WORKSPACE_SLUG environment variable is empty
[debug] [2025-11-15T14:34:04.088Z] > command requires scopes: ["email","openid","https://www.googleapis.com/auth/cloudplatformprojects.readonly","https://www.googleapis.com/auth/firebase","https://www.googleapis.com/auth/cloud-platform","https://www.googleapis.com/auth/userinfo.email"]
[debug] [2025-11-15T14:34:04.088Z] > authorizing via signed-in user (marumeandi@gmail.com)
[debug] [2025-11-15T14:34:04.093Z] No OAuth tokens found
[debug] [2025-11-15T14:34:04.100Z] >>> [apiv2][query] GET https://firebase.googleapis.com/v1beta1/projects pageSize=1000
[debug] [2025-11-15T14:34:04.502Z] <<< [apiv2][status] GET https://firebase.googleapis.com/v1beta1/projects 200
[debug] [2025-11-15T14:34:04.502Z] <<< [apiv2][body] GET https://firebase.googleapis.com/v1beta1/projects [omitted]
[error] Failed to fetch Firebase Project from Studio Workspace because WORKSPACE_SLUG environment variable is empty
[error] Failed to fetch Firebase Project from Studio Workspace because WORKSPACE_SLUG environment variable is empty
[debug] [2025-11-15T14:34:38.917Z] > command requires scopes: ["email","openid","https://www.googleapis.com/auth/cloudplatformprojects.readonly","https://www.googleapis.com/auth/firebase","https://www.googleapis.com/auth/cloud-platform","https://www.googleapis.com/auth/userinfo.email"]
[debug] [2025-11-15T14:34:38.920Z] > authorizing via signed-in user (marumeandi@gmail.com)
[error] Failed to fetch Firebase Project from Studio Workspace because WORKSPACE_SLUG environment variable is empty
[error] Failed to fetch Firebase Project from Studio Workspace because WORKSPACE_SLUG environment variable is empty
[debug] [2025-11-15T14:34:38.927Z] > command requires scopes: ["email","openid","https://www.googleapis.com/auth/cloudplatformprojects.readonly","https://www.googleapis.com/auth/firebase","https://www.googleapis.com/auth/cloud-platform","https://www.googleapis.com/auth/userinfo.email"]
[debug] [2025-11-15T14:34:38.931Z] > authorizing via signed-in user (marumeandi@gmail.com)
[debug] [2025-11-15T14:34:38.934Z] No OAuth tokens found
[debug] [2025-11-15T14:34:38.934Z] >>> [apiv2][query] GET https://serviceusage.googleapis.com/v1/projects/rd-money-a29e3/services/cloudresourcemanager.googleapis.com [none]
[debug] [2025-11-15T14:34:38.935Z] >>> [apiv2][(partial)header] GET https://serviceusage.googleapis.com/v1/projects/rd-money-a29e3/services/cloudresourcemanager.googleapis.com x-goog-quota-user=projects/rd-money-a29e3
[debug] [2025-11-15T14:34:39.918Z] <<< [apiv2][status] GET https://serviceusage.googleapis.com/v1/projects/rd-money-a29e3/services/cloudresourcemanager.googleapis.com 200
[debug] [2025-11-15T14:34:39.918Z] <<< [apiv2][body] GET https://serviceusage.googleapis.com/v1/projects/rd-money-a29e3/services/cloudresourcemanager.googleapis.com [omitted]
[debug] [2025-11-15T14:34:39.925Z] No OAuth tokens found
[debug] [2025-11-15T14:34:39.925Z] >>> [apiv2][query] GET https://cloudresourcemanager.googleapis.com/v1/projects/rd-money-a29e3 [none]
[debug] [2025-11-15T14:34:40.681Z] <<< [apiv2][status] GET https://cloudresourcemanager.googleapis.com/v1/projects/rd-money-a29e3 200
[debug] [2025-11-15T14:34:40.681Z] <<< [apiv2][body] GET https://cloudresourcemanager.googleapis.com/v1/projects/rd-money-a29e3 {"projectNumber":"587754645282","projectId":"rd-money-a29e3","lifecycleState":"ACTIVE","name":"rd money","labels":{"firebase":"enabled","firebase-core":"disabled","generative-language":"enabled"},"createTime":"2025-03-18T23:08:15.250094Z"}
[info] Updating Studio Workspace active project to match Firebase CLI 'rd-money-a29e3'
[error] Failed to update Firebase Project for Studio Workspace because WORKSPACE_SLUG environment variable is empty
[info] Now using project rd-money-a29e3
[error] Failed to fetch Firebase Project from Studio Workspace because WORKSPACE_SLUG environment variable is empty
[error] Failed to fetch Firebase Project from Studio Workspace because WORKSPACE_SLUG environment variable is empty
[debug] [2025-11-15T14:34:46.123Z] > command requires scopes: ["email","openid","https://www.googleapis.com/auth/cloudplatformprojects.readonly","https://www.googleapis.com/auth/firebase","https://www.googleapis.com/auth/cloud-platform","https://www.googleapis.com/auth/userinfo.email"]
[debug] [2025-11-15T14:34:46.123Z] > authorizing via signed-in user (marumeandi@gmail.com)
[error] Failed to fetch Firebase Project from Studio Workspace because WORKSPACE_SLUG environment variable is empty
[error] Failed to fetch Firebase Project from Studio Workspace because WORKSPACE_SLUG environment variable is empty
[debug] [2025-11-15T14:34:46.135Z] > command requires scopes: ["email","openid","https://www.googleapis.com/auth/cloudplatformprojects.readonly","https://www.googleapis.com/auth/firebase","https://www.googleapis.com/auth/cloud-platform","https://www.googleapis.com/auth/userinfo.email"]
[debug] [2025-11-15T14:34:46.137Z] > authorizing via signed-in user (marumeandi@gmail.com)
[debug] [2025-11-15T14:34:46.141Z] No OAuth tokens found
[debug] [2025-11-15T14:34:46.149Z] >>> [apiv2][query] POST https://firebase.googleapis.com/v1beta1/projects/rd-money-a29e3/webApps [none]
[debug] [2025-11-15T14:34:46.150Z] >>> [apiv2][body] POST https://firebase.googleapis.com/v1beta1/projects/rd-money-a29e3/webApps {"displayName":"Resto-Opulence App"}
[debug] [2025-11-15T14:34:47.386Z] <<< [apiv2][status] POST https://firebase.googleapis.com/v1beta1/projects/rd-money-a29e3/webApps 200
[debug] [2025-11-15T14:34:47.388Z] <<< [apiv2][body] POST https://firebase.googleapis.com/v1beta1/projects/rd-money-a29e3/webApps {"name":"operations/workflows/Zjg3NTAxMmItYTM0My00YzM1LThhZDAtNDY3NWI4OTY3ZmVk"}
[debug] [2025-11-15T14:34:47.393Z] No OAuth tokens found
[debug] [2025-11-15T14:34:47.393Z] >>> [apiv2][query] GET https://firebase.googleapis.com/v1beta1/operations/workflows/Zjg3NTAxMmItYTM0My00YzM1LThhZDAtNDY3NWI4OTY3ZmVk [none]
[debug] [2025-11-15T14:34:47.757Z] <<< [apiv2][status] GET https://firebase.googleapis.com/v1beta1/operations/workflows/Zjg3NTAxMmItYTM0My00YzM1LThhZDAtNDY3NWI4OTY3ZmVk 200
[debug] [2025-11-15T14:34:47.757Z] <<< [apiv2][body] GET https://firebase.googleapis.com/v1beta1/operations/workflows/Zjg3NTAxMmItYTM0My00YzM1LThhZDAtNDY3NWI4OTY3ZmVk {"name":"operations/workflows/Zjg3NTAxMmItYTM0My00YzM1LThhZDAtNDY3NWI4OTY3ZmVk"}
[debug] [2025-11-15T14:34:48.258Z] [Create Web app Poller] Retrying task index 0
[debug] [2025-11-15T14:34:48.259Z] No OAuth tokens found
[debug] [2025-11-15T14:34:48.260Z] >>> [apiv2][query] GET https://firebase.googleapis.com/v1beta1/operations/workflows/Zjg3NTAxMmItYTM0My00YzM1LThhZDAtNDY3NWI4OTY3ZmVk [none]
[debug] [2025-11-15T14:34:48.531Z] <<< [apiv2][status] GET https://firebase.googleapis.com/v1beta1/operations/workflows/Zjg3NTAxMmItYTM0My00YzM1LThhZDAtNDY3NWI4OTY3ZmVk 200
[debug] [2025-11-15T14:34:48.531Z] <<< [apiv2][body] GET https://firebase.googleapis.com/v1beta1/operations/workflows/Zjg3NTAxMmItYTM0My00YzM1LThhZDAtNDY3NWI4OTY3ZmVk {"name":"operations/workflows/Zjg3NTAxMmItYTM0My00YzM1LThhZDAtNDY3NWI4OTY3ZmVk"}
[debug] [2025-11-15T14:34:49.533Z] [Create Web app Poller] Retrying task index 0
[debug] [2025-11-15T14:34:49.533Z] No OAuth tokens found
[debug] [2025-11-15T14:34:49.534Z] >>> [apiv2][query] GET https://firebase.googleapis.com/v1beta1/operations/workflows/Zjg3NTAxMmItYTM0My00YzM1LThhZDAtNDY3NWI4OTY3ZmVk [none]
[debug] [2025-11-15T14:34:49.784Z] <<< [apiv2][status] GET https://firebase.googleapis.com/v1beta1/operations/workflows/Zjg3NTAxMmItYTM0My00YzM1LThhZDAtNDY3NWI4OTY3ZmVk 200
[debug] [2025-11-15T14:34:49.784Z] <<< [apiv2][body] GET https://firebase.googleapis.com/v1beta1/operations/workflows/Zjg3NTAxMmItYTM0My00YzM1LThhZDAtNDY3NWI4OTY3ZmVk {"name":"operations/workflows/Zjg3NTAxMmItYTM0My00YzM1LThhZDAtNDY3NWI4OTY3ZmVk"}
[debug] [2025-11-15T14:34:51.785Z] [Create Web app Poller] Retrying task index 0
[debug] [2025-11-15T14:34:51.786Z] No OAuth tokens found
[debug] [2025-11-15T14:34:51.786Z] >>> [apiv2][query] GET https://firebase.googleapis.com/v1beta1/operations/workflows/Zjg3NTAxMmItYTM0My00YzM1LThhZDAtNDY3NWI4OTY3ZmVk [none]
[debug] [2025-11-15T14:34:52.055Z] <<< [apiv2][status] GET https://firebase.googleapis.com/v1beta1/operations/workflows/Zjg3NTAxMmItYTM0My00YzM1LThhZDAtNDY3NWI4OTY3ZmVk 200
[debug] [2025-11-15T14:34:52.055Z] <<< [apiv2][body] GET https://firebase.googleapis.com/v1beta1/operations/workflows/Zjg3NTAxMmItYTM0My00YzM1LThhZDAtNDY3NWI4OTY3ZmVk {"name":"operations/workflows/Zjg3NTAxMmItYTM0My00YzM1LThhZDAtNDY3NWI4OTY3ZmVk"}
[debug] [2025-11-15T14:34:56.055Z] [Create Web app Poller] Retrying task index 0
[debug] [2025-11-15T14:34:56.056Z] No OAuth tokens found
[debug] [2025-11-15T14:34:56.057Z] >>> [apiv2][query] GET https://firebase.googleapis.com/v1beta1/operations/workflows/Zjg3NTAxMmItYTM0My00YzM1LThhZDAtNDY3NWI4OTY3ZmVk [none]
[debug] [2025-11-15T14:34:56.313Z] <<< [apiv2][status] GET https://firebase.googleapis.com/v1beta1/operations/workflows/Zjg3NTAxMmItYTM0My00YzM1LThhZDAtNDY3NWI4OTY3ZmVk 200
[debug] [2025-11-15T14:34:56.316Z] <<< [apiv2][body] GET https://firebase.googleapis.com/v1beta1/operations/workflows/Zjg3NTAxMmItYTM0My00YzM1LThhZDAtNDY3NWI4OTY3ZmVk {"name":"operations/workflows/Zjg3NTAxMmItYTM0My00YzM1LThhZDAtNDY3NWI4OTY3ZmVk","done":true,"response":{"@type":"type.googleapis.com/google.firebase.service.v1beta1.WebApp","name":"projects/rd-money-a29e3/webApps/1:587754645282:web:d51a911fc86234205ea77b","appId":"1:587754645282:web:d51a911fc86234205ea77b","displayName":"Resto-Opulence App","projectId":"rd-money-a29e3","webId":"OTIxMTBmMDQtZjhiNy00ZWFkLWI3NmUtZTljYzAzYWY2OTVm","apiKeyId":"663fc8d1-445b-4daa-b26f-f72df7e29ae8","state":"ACTIVE","expireTime":"1970-01-01T00:00:00Z","etag":"1_5249d628-bcd7-4f9d-af7b-437164f47a22"}}
[error] Failed to fetch Firebase Project from Studio Workspace because WORKSPACE_SLUG environment variable is empty
[error] Failed to fetch Firebase Project from Studio Workspace because WORKSPACE_SLUG environment variable is empty
[debug] [2025-11-15T14:35:02.965Z] > command requires scopes: ["email","openid","https://www.googleapis.com/auth/cloudplatformprojects.readonly","https://www.googleapis.com/auth/firebase","https://www.googleapis.com/auth/cloud-platform","https://www.googleapis.com/auth/userinfo.email"]
[debug] [2025-11-15T14:35:02.965Z] > authorizing via signed-in user (marumeandi@gmail.com)
[error] Failed to fetch Firebase Project from Studio Workspace because WORKSPACE_SLUG environment variable is empty
[error] Failed to fetch Firebase Project from Studio Workspace because WORKSPACE_SLUG environment variable is empty
[debug] [2025-11-15T14:35:02.969Z] > command requires scopes: ["email","openid","https://www.googleapis.com/auth/cloudplatformprojects.readonly","https://www.googleapis.com/auth/firebase","https://www.googleapis.com/auth/cloud-platform","https://www.googleapis.com/auth/userinfo.email"]
[debug] [2025-11-15T14:35:02.971Z] > authorizing via signed-in user (marumeandi@gmail.com)
[debug] [2025-11-15T14:35:02.975Z] No OAuth tokens found
[debug] [2025-11-15T14:35:02.976Z] >>> [apiv2][query] GET https://firebase.googleapis.com/v1beta1/projects/rd-money-a29e3:searchApps pageSize=100
[debug] [2025-11-15T14:35:03.247Z] <<< [apiv2][status] GET https://firebase.googleapis.com/v1beta1/projects/rd-money-a29e3:searchApps 200
[debug] [2025-11-15T14:35:03.249Z] <<< [apiv2][body] GET https://firebase.googleapis.com/v1beta1/projects/rd-money-a29e3:searchApps {"apps":[{"name":"projects/rd-money-a29e3/webApps/1:587754645282:web:d51a911fc86234205ea77b","displayName":"Resto-Opulence App","platform":"WEB","appId":"1:587754645282:web:d51a911fc86234205ea77b","namespace":"OTIxMTBmMDQtZjhiNy00ZWFkLWI3NmUtZTljYzAzYWY2OTVm","apiKeyId":"663fc8d1-445b-4daa-b26f-f72df7e29ae8","state":"ACTIVE","expireTime":"1970-01-01T00:00:00Z"}]}
[debug] [2025-11-15T14:35:03.250Z] No OAuth tokens found
[debug] [2025-11-15T14:35:03.251Z] >>> [apiv2][query] GET https://firebase.googleapis.com/v1beta1/projects/-/webApps/1:587754645282:web:d51a911fc86234205ea77b/config [none]
[debug] [2025-11-15T14:35:03.861Z] <<< [apiv2][status] GET https://firebase.googleapis.com/v1beta1/projects/-/webApps/1:587754645282:web:d51a911fc86234205ea77b/config 200
[debug] [2025-11-15T14:35:03.862Z] <<< [apiv2][body] GET https://firebase.googleapis.com/v1beta1/projects/-/webApps/1:587754645282:web:d51a911fc86234205ea77b/config {"projectId":"rd-money-a29e3","appId":"1:587754645282:web:d51a911fc86234205ea77b","storageBucket":"rd-money-a29e3.firebasestorage.app","apiKey":"AIzaSyCs2YzVkOrV-tH9IQuHtQHStcfkuhFH8t0","authDomain":"rd-money-a29e3.firebaseapp.com","messagingSenderId":"587754645282","projectNumber":"587754645282","version":"2"}
[error] Failed to fetch Firebase Project from Studio Workspace because WORKSPACE_SLUG environment variable is empty
[error] Failed to fetch Firebase Project from Studio Workspace because WORKSPACE_SLUG environment variable is empty
[error] Failed to fetch Firebase Project from Studio Workspace because WORKSPACE_SLUG environment variable is empty
[debug] [2025-11-15T14:35:23.173Z] > command requires scopes: ["email","openid","https://www.googleapis.com/auth/cloudplatformprojects.readonly","https://www.googleapis.com/auth/firebase","https://www.googleapis.com/auth/cloud-platform","https://www.googleapis.com/auth/userinfo.email"]
[debug] [2025-11-15T14:35:23.177Z] > authorizing via signed-in user (marumeandi@gmail.com)
[error] Failed to fetch Firebase Project from Studio Workspace because WORKSPACE_SLUG environment variable is empty
[debug] [2025-11-15T14:35:23.179Z] > command requires scopes: ["email","openid","https://www.googleapis.com/auth/cloudplatformprojects.readonly","https://www.googleapis.com/auth/firebase","https://www.googleapis.com/auth/cloud-platform","https://www.googleapis.com/auth/userinfo.email"]
[debug] [2025-11-15T14:35:23.181Z] > authorizing via signed-in user (marumeandi@gmail.com)
[error] Failed to fetch Firebase Project from Studio Workspace because WORKSPACE_SLUG environment variable is empty
[error] Failed to fetch Firebase Project from Studio Workspace because WORKSPACE_SLUG environment variable is empty
[error] Failed to fetch Firebase Project from Studio Workspace because WORKSPACE_SLUG environment variable is empty
[debug] [2025-11-15T14:35:23.198Z] > command requires scopes: ["email","openid","https://www.googleapis.com/auth/cloudplatformprojects.readonly","https://www.googleapis.com/auth/firebase","https://www.googleapis.com/auth/cloud-platform","https://www.googleapis.com/auth/userinfo.email"]
[debug] [2025-11-15T14:35:23.198Z] > authorizing via signed-in user (marumeandi@gmail.com)
[error] Failed to fetch Firebase Project from Studio Workspace because WORKSPACE_SLUG environment variable is empty
[debug] [2025-11-15T14:35:23.199Z] > command requires scopes: ["email","openid","https://www.googleapis.com/auth/cloudplatformprojects.readonly","https://www.googleapis.com/auth/firebase","https://www.googleapis.com/auth/cloud-platform","https://www.googleapis.com/auth/userinfo.email"]
[debug] [2025-11-15T14:35:23.200Z] > authorizing via signed-in user (marumeandi@gmail.com)
[error] Failed to fetch Firebase Project from Studio Workspace because WORKSPACE_SLUG environment variable is empty
[error] Failed to fetch Firebase Project from Studio Workspace because WORKSPACE_SLUG environment variable is empty
[error] Failed to fetch Firebase Project from Studio Workspace because WORKSPACE_SLUG environment variable is empty
[debug] [2025-11-15T14:35:23.208Z] > command requires scopes: ["email","openid","https://www.googleapis.com/auth/cloudplatformprojects.readonly","https://www.googleapis.com/auth/firebase","https://www.googleapis.com/auth/cloud-platform","https://www.googleapis.com/auth/userinfo.email"]
[debug] [2025-11-15T14:35:23.208Z] > authorizing via signed-in user (marumeandi@gmail.com)
[error] Failed to fetch Firebase Project from Studio Workspace because WORKSPACE_SLUG environment variable is empty
[debug] [2025-11-15T14:35:23.210Z] > command requires scopes: ["email","openid","https://www.googleapis.com/auth/cloudplatformprojects.readonly","https://www.googleapis.com/auth/firebase","https://www.googleapis.com/auth/cloud-platform","https://www.googleapis.com/auth/userinfo.email"]
[debug] [2025-11-15T14:35:23.210Z] > authorizing via signed-in user (marumeandi@gmail.com)
[error] Failed to fetch Firebase Project from Studio Workspace because WORKSPACE_SLUG environment variable is empty
[error] Failed to fetch Firebase Project from Studio Workspace because WORKSPACE_SLUG environment variable is empty
[debug] [2025-11-15T14:41:03.824Z] > command requires scopes: ["email","openid","https://www.googleapis.com/auth/cloudplatformprojects.readonly","https://www.googleapis.com/auth/firebase","https://www.googleapis.com/auth/cloud-platform","https://www.googleapis.com/auth/userinfo.email"]
[debug] [2025-11-15T14:41:03.827Z] > authorizing via signed-in user (marumeandi@gmail.com)
[debug] [2025-11-15T14:41:03.838Z] No OAuth tokens found
[debug] [2025-11-15T14:41:03.839Z] No OAuth tokens found
[debug] [2025-11-15T14:41:03.839Z] > command requires scopes: ["email","openid","https://www.googleapis.com/auth/cloudplatformprojects.readonly","https://www.googleapis.com/auth/firebase","https://www.googleapis.com/auth/cloud-platform","https://www.googleapis.com/auth/userinfo.email"]
[debug] [2025-11-15T14:41:03.840Z] > authorizing via signed-in user (marumeandi@gmail.com)
[debug] [2025-11-15T14:41:03.842Z] No OAuth tokens found
[debug] [2025-11-15T14:41:03.842Z] No OAuth tokens found
[debug] [2025-11-15T14:41:03.842Z] > command requires scopes: ["email","openid","https://www.googleapis.com/auth/cloudplatformprojects.readonly","https://www.googleapis.com/auth/firebase","https://www.googleapis.com/auth/cloud-platform","https://www.googleapis.com/auth/userinfo.email"]
[debug] [2025-11-15T14:41:03.843Z] > authorizing via signed-in user (marumeandi@gmail.com)
[debug] [2025-11-15T14:41:03.843Z] No OAuth tokens found
[debug] [2025-11-15T14:41:03.844Z] No OAuth tokens found
[debug] [2025-11-15T14:41:03.844Z] > command requires scopes: ["email","openid","https://www.googleapis.com/auth/cloudplatformprojects.readonly","https://www.googleapis.com/auth/firebase","https://www.googleapis.com/auth/cloud-platform","https://www.googleapis.com/auth/userinfo.email"]
[debug] [2025-11-15T14:41:03.844Z] > authorizing via signed-in user (marumeandi@gmail.com)
[debug] [2025-11-15T14:41:03.845Z] No OAuth tokens found
[debug] [2025-11-15T14:41:03.845Z] No OAuth tokens found
[debug] [2025-11-15T14:41:03.845Z] > command requires scopes: ["email","openid","https://www.googleapis.com/auth/cloudplatformprojects.readonly","https://www.googleapis.com/auth/firebase","https://www.googleapis.com/auth/cloud-platform","https://www.googleapis.com/auth/userinfo.email"]
[debug] [2025-11-15T14:41:03.846Z] > authorizing via signed-in user (marumeandi@gmail.com)
[debug] [2025-11-15T14:41:03.846Z] No OAuth tokens found
[debug] [2025-11-15T14:41:03.846Z] No OAuth tokens found
[debug] [2025-11-15T14:41:03.846Z] > command requires scopes: ["email","openid","https://www.googleapis.com/auth/cloudplatformprojects.readonly","https://www.googleapis.com/auth/firebase","https://www.googleapis.com/auth/cloud-platform","https://www.googleapis.com/auth/userinfo.email"]
[debug] [2025-11-15T14:41:03.846Z] > authorizing via signed-in user (marumeandi@gmail.com)
[debug] [2025-11-15T14:41:03.847Z] No OAuth tokens found
[debug] [2025-11-15T14:41:03.848Z] No OAuth tokens found
[debug] [2025-11-15T14:41:03.848Z] > command requires scopes: ["email","openid","https://www.googleapis.com/auth/cloudplatformprojects.readonly","https://www.googleapis.com/auth/firebase","https://www.googleapis.com/auth/cloud-platform","https://www.googleapis.com/auth/userinfo.email"]
[debug] [2025-11-15T14:41:03.848Z] > authorizing via signed-in user (marumeandi@gmail.com)
[debug] [2025-11-15T14:41:03.848Z] No OAuth tokens found
[debug] [2025-11-15T14:41:03.849Z] No OAuth tokens found
[debug] [2025-11-15T14:41:03.849Z] > command requires scopes: ["email","openid","https://www.googleapis.com/auth/cloudplatformprojects.readonly","https://www.googleapis.com/auth/firebase","https://www.googleapis.com/auth/cloud-platform","https://www.googleapis.com/auth/userinfo.email"]
[debug] [2025-11-15T14:41:03.849Z] > authorizing via signed-in user (marumeandi@gmail.com)
[debug] [2025-11-15T14:41:03.862Z] No OAuth tokens found
[debug] [2025-11-15T14:41:03.863Z] No OAuth tokens found
[debug] [2025-11-15T14:41:03.863Z] > command requires scopes: ["email","openid","https://www.googleapis.com/auth/cloudplatformprojects.readonly","https://www.googleapis.com/auth/firebase","https://www.googleapis.com/auth/cloud-platform","https://www.googleapis.com/auth/userinfo.email"]
[debug] [2025-11-15T14:41:03.863Z] > authorizing via signed-in user (marumeandi@gmail.com)
[debug] [2025-11-15T14:41:03.864Z] No OAuth tokens found
[debug] [2025-11-15T14:41:03.864Z] No OAuth tokens found
[debug] [2025-11-15T14:41:03.864Z] > command requires scopes: ["email","openid","https://www.googleapis.com/auth/cloudplatformprojects.readonly","https://www.googleapis.com/auth/firebase","https://www.googleapis.com/auth/cloud-platform","https://www.googleapis.com/auth/userinfo.email"]
[debug] [2025-11-15T14:41:03.864Z] > authorizing via signed-in user (marumeandi@gmail.com)
[debug] [2025-11-15T14:41:03.868Z] >>> [apiv2][query] GET https://serviceusage.googleapis.com/v1/projects/rd-money-a29e3/services/firestore.googleapis.com [none]
[debug] [2025-11-15T14:41:03.868Z] >>> [apiv2][(partial)header] GET https://serviceusage.googleapis.com/v1/projects/rd-money-a29e3/services/firestore.googleapis.com x-goog-quota-user=projects/rd-money-a29e3
[debug] [2025-11-15T14:41:03.930Z] >>> [apiv2][query] GET https://serviceusage.googleapis.com/v1/projects/rd-money-a29e3/services/storage.googleapis.com [none]
[debug] [2025-11-15T14:41:03.931Z] >>> [apiv2][(partial)header] GET https://serviceusage.googleapis.com/v1/projects/rd-money-a29e3/services/storage.googleapis.com x-goog-quota-user=projects/rd-money-a29e3
[debug] [2025-11-15T14:41:03.934Z] >>> [apiv2][query] GET https://serviceusage.googleapis.com/v1/projects/rd-money-a29e3/services/firebasedataconnect.googleapis.com [none]
[debug] [2025-11-15T14:41:03.934Z] >>> [apiv2][(partial)header] GET https://serviceusage.googleapis.com/v1/projects/rd-money-a29e3/services/firebasedataconnect.googleapis.com x-goog-quota-user=projects/rd-money-a29e3
[debug] [2025-11-15T14:41:03.936Z] >>> [apiv2][query] GET https://serviceusage.googleapis.com/v1/projects/rd-money-a29e3/services/identitytoolkit.googleapis.com [none]
[debug] [2025-11-15T14:41:03.937Z] >>> [apiv2][(partial)header] GET https://serviceusage.googleapis.com/v1/projects/rd-money-a29e3/services/identitytoolkit.googleapis.com x-goog-quota-user=projects/rd-money-a29e3
[debug] [2025-11-15T14:41:03.939Z] >>> [apiv2][query] GET https://serviceusage.googleapis.com/v1/projects/rd-money-a29e3/services/fcm.googleapis.com [none]
[debug] [2025-11-15T14:41:03.939Z] >>> [apiv2][(partial)header] GET https://serviceusage.googleapis.com/v1/projects/rd-money-a29e3/services/fcm.googleapis.com x-goog-quota-user=projects/rd-money-a29e3
[debug] [2025-11-15T14:41:03.941Z] >>> [apiv2][query] GET https://serviceusage.googleapis.com/v1/projects/rd-money-a29e3/services/cloudfunctions.googleapis.com [none]
[debug] [2025-11-15T14:41:03.941Z] >>> [apiv2][(partial)header] GET https://serviceusage.googleapis.com/v1/projects/rd-money-a29e3/services/cloudfunctions.googleapis.com x-goog-quota-user=projects/rd-money-a29e3
[debug] [2025-11-15T14:41:03.943Z] >>> [apiv2][query] GET https://serviceusage.googleapis.com/v1/projects/rd-money-a29e3/services/firebaseremoteconfig.googleapis.com [none]
[debug] [2025-11-15T14:41:03.943Z] >>> [apiv2][(partial)header] GET https://serviceusage.googleapis.com/v1/projects/rd-money-a29e3/services/firebaseremoteconfig.googleapis.com x-goog-quota-user=projects/rd-money-a29e3
[debug] [2025-11-15T14:41:03.945Z] >>> [apiv2][query] GET https://serviceusage.googleapis.com/v1/projects/rd-money-a29e3/services/firebaseapphosting.googleapis.com [none]
[debug] [2025-11-15T14:41:03.945Z] >>> [apiv2][(partial)header] GET https://serviceusage.googleapis.com/v1/projects/rd-money-a29e3/services/firebaseapphosting.googleapis.com x-goog-quota-user=projects/rd-money-a29e3
[debug] [2025-11-15T14:41:03.947Z] >>> [apiv2][query] GET https://serviceusage.googleapis.com/v1/projects/rd-money-a29e3/services/firebaseio.com [none]
[debug] [2025-11-15T14:41:03.947Z] >>> [apiv2][(partial)header] GET https://serviceusage.googleapis.com/v1/projects/rd-money-a29e3/services/firebaseio.com x-goog-quota-user=projects/rd-money-a29e3
[error] Failed to fetch Firebase Project from Studio Workspace because WORKSPACE_SLUG environment variable is empty
[error] Failed to fetch Firebase Project from Studio Workspace because WORKSPACE_SLUG environment variable is empty
[debug] [2025-11-15T14:41:03.957Z] > command requires scopes: ["email","openid","https://www.googleapis.com/auth/cloudplatformprojects.readonly","https://www.googleapis.com/auth/firebase","https://www.googleapis.com/auth/cloud-platform","https://www.googleapis.com/auth/userinfo.email"]
[debug] [2025-11-15T14:41:03.957Z] > authorizing via signed-in user (marumeandi@gmail.com)
[debug] [2025-11-15T14:41:03.958Z] No OAuth tokens found
[debug] [2025-11-15T14:41:03.958Z] No OAuth tokens found
[debug] [2025-11-15T14:41:03.958Z] > command requires scopes: ["email","openid","https://www.googleapis.com/auth/cloudplatformprojects.readonly","https://www.googleapis.com/auth/firebase","https://www.googleapis.com/auth/cloud-platform","https://www.googleapis.com/auth/userinfo.email"]
[debug] [2025-11-15T14:41:03.958Z] > authorizing via signed-in user (marumeandi@gmail.com)
[debug] [2025-11-15T14:41:03.958Z] No OAuth tokens found
[debug] [2025-11-15T14:41:03.959Z] No OAuth tokens found
[debug] [2025-11-15T14:41:03.959Z] > command requires scopes: ["email","openid","https://www.googleapis.com/auth/cloudplatformprojects.readonly","https://www.googleapis.com/auth/firebase","https://www.googleapis.com/auth/cloud-platform","https://www.googleapis.com/auth/userinfo.email"]
[debug] [2025-11-15T14:41:03.959Z] > authorizing via signed-in user (marumeandi@gmail.com)
[debug] [2025-11-15T14:41:03.959Z] No OAuth tokens found
[debug] [2025-11-15T14:41:03.959Z] No OAuth tokens found
[debug] [2025-11-15T14:41:03.959Z] > command requires scopes: ["email","openid","https://www.googleapis.com/auth/cloudplatformprojects.readonly","https://www.googleapis.com/auth/firebase","https://www.googleapis.com/auth/cloud-platform","https://www.googleapis.com/auth/userinfo.email"]
[debug] [2025-11-15T14:41:03.959Z] > authorizing via signed-in user (marumeandi@gmail.com)
[debug] [2025-11-15T14:41:03.960Z] No OAuth tokens found
[debug] [2025-11-15T14:41:03.960Z] No OAuth tokens found
[debug] [2025-11-15T14:41:03.960Z] > command requires scopes: ["email","openid","https://www.googleapis.com/auth/cloudplatformprojects.readonly","https://www.googleapis.com/auth/firebase","https://www.googleapis.com/auth/cloud-platform","https://www.googleapis.com/auth/userinfo.email"]
[debug] [2025-11-15T14:41:03.960Z] > authorizing via signed-in user (marumeandi@gmail.com)
[debug] [2025-11-15T14:41:03.961Z] No OAuth tokens found
[debug] [2025-11-15T14:41:03.961Z] No OAuth tokens found
[debug] [2025-11-15T14:41:03.961Z] > command requires scopes: ["email","openid","https://www.googleapis.com/auth/cloudplatformprojects.readonly","https://www.googleapis.com/auth/firebase","https://www.googleapis.com/auth/cloud-platform","https://www.googleapis.com/auth/userinfo.email"]
[debug] [2025-11-15T14:41:03.961Z] > authorizing via signed-in user (marumeandi@gmail.com)
[debug] [2025-11-15T14:41:03.961Z] No OAuth tokens found
[debug] [2025-11-15T14:41:03.961Z] No OAuth tokens found
[debug] [2025-11-15T14:41:03.961Z] > command requires scopes: ["email","openid","https://www.googleapis.com/auth/cloudplatformprojects.readonly","https://www.googleapis.com/auth/firebase","https://www.googleapis.com/auth/cloud-platform","https://www.googleapis.com/auth/userinfo.email"]
[debug] [2025-11-15T14:41:03.962Z] > authorizing via signed-in user (marumeandi@gmail.com)
[debug] [2025-11-15T14:41:03.962Z] No OAuth tokens found
[debug] [2025-11-15T14:41:03.962Z] No OAuth tokens found
[debug] [2025-11-15T14:41:03.962Z] > command requires scopes: ["email","openid","https://www.googleapis.com/auth/cloudplatformprojects.readonly","https://www.googleapis.com/auth/firebase","https://www.googleapis.com/auth/cloud-platform","https://www.googleapis.com/auth/userinfo.email"]
[debug] [2025-11-15T14:41:03.962Z] > authorizing via signed-in user (marumeandi@gmail.com)
[debug] [2025-11-15T14:41:03.966Z] No OAuth tokens found
[debug] [2025-11-15T14:41:03.966Z] No OAuth tokens found
[debug] [2025-11-15T14:41:03.967Z] > command requires scopes: ["email","openid","https://www.googleapis.com/auth/cloudplatformprojects.readonly","https://www.googleapis.com/auth/firebase","https://www.googleapis.com/auth/cloud-platform","https://www.googleapis.com/auth/userinfo.email"]
[debug] [2025-11-15T14:41:03.967Z] > authorizing via signed-in user (marumeandi@gmail.com)
[debug] [2025-11-15T14:41:03.967Z] No OAuth tokens found
[debug] [2025-11-15T14:41:03.968Z] No OAuth tokens found
[debug] [2025-11-15T14:41:03.968Z] > command requires scopes: ["email","openid","https://www.googleapis.com/auth/cloudplatformprojects.readonly","https://www.googleapis.com/auth/firebase","https://www.googleapis.com/auth/cloud-platform","https://www.googleapis.com/auth/userinfo.email"]
[debug] [2025-11-15T14:41:03.968Z] > authorizing via signed-in user (marumeandi@gmail.com)
[debug] [2025-11-15T14:41:03.968Z] >>> [apiv2][query] GET https://serviceusage.googleapis.com/v1/projects/rd-money-a29e3/services/firestore.googleapis.com [none]
[debug] [2025-11-15T14:41:03.969Z] >>> [apiv2][(partial)header] GET https://serviceusage.googleapis.com/v1/projects/rd-money-a29e3/services/firestore.googleapis.com x-goog-quota-user=projects/rd-money-a29e3
[debug] [2025-11-15T14:41:03.972Z] >>> [apiv2][query] GET https://serviceusage.googleapis.com/v1/projects/rd-money-a29e3/services/storage.googleapis.com [none]
[debug] [2025-11-15T14:41:03.972Z] >>> [apiv2][(partial)header] GET https://serviceusage.googleapis.com/v1/projects/rd-money-a29e3/services/storage.googleapis.com x-goog-quota-user=projects/rd-money-a29e3
[debug] [2025-11-15T14:41:03.975Z] >>> [apiv2][query] GET https://serviceusage.googleapis.com/v1/projects/rd-money-a29e3/services/firebasedataconnect.googleapis.com [none]
[debug] [2025-11-15T14:41:03.976Z] >>> [apiv2][(partial)header] GET https://serviceusage.googleapis.com/v1/projects/rd-money-a29e3/services/firebasedataconnect.googleapis.com x-goog-quota-user=projects/rd-money-a29e3
[debug] [2025-11-15T14:41:03.978Z] >>> [apiv2][query] GET https://serviceusage.googleapis.com/v1/projects/rd-money-a29e3/services/identitytoolkit.googleapis.com [none]
[debug] [2025-11-15T14:41:03.978Z] >>> [apiv2][(partial)header] GET https://serviceusage.googleapis.com/v1/projects/rd-money-a29e3/services/identitytoolkit.googleapis.com x-goog-quota-user=projects/rd-money-a29e3
[debug] [2025-11-15T14:41:03.981Z] >>> [apiv2][query] GET https://serviceusage.googleapis.com/v1/projects/rd-money-a29e3/services/fcm.googleapis.com [none]
[debug] [2025-11-15T14:41:03.981Z] >>> [apiv2][(partial)header] GET https://serviceusage.googleapis.com/v1/projects/rd-money-a29e3/services/fcm.googleapis.com x-goog-quota-user=projects/rd-money-a29e3
[debug] [2025-11-15T14:41:03.983Z] >>> [apiv2][query] GET https://serviceusage.googleapis.com/v1/projects/rd-money-a29e3/services/cloudfunctions.googleapis.com [none]
[debug] [2025-11-15T14:41:03.984Z] >>> [apiv2][(partial)header] GET https://serviceusage.googleapis.com/v1/projects/rd-money-a29e3/services/cloudfunctions.googleapis.com x-goog-quota-user=projects/rd-money-a29e3
[debug] [2025-11-15T14:41:03.986Z] >>> [apiv2][query] GET https://serviceusage.googleapis.com/v1/projects/rd-money-a29e3/services/firebaseremoteconfig.googleapis.com [none]
[debug] [2025-11-15T14:41:03.986Z] >>> [apiv2][(partial)header] GET https://serviceusage.googleapis.com/v1/projects/rd-money-a29e3/services/firebaseremoteconfig.googleapis.com x-goog-quota-user=projects/rd-money-a29e3
[debug] [2025-11-15T14:41:03.989Z] >>> [apiv2][query] GET https://serviceusage.googleapis.com/v1/projects/rd-money-a29e3/services/firebaseapphosting.googleapis.com [none]
[debug] [2025-11-15T14:41:03.989Z] >>> [apiv2][(partial)header] GET https://serviceusage.googleapis.com/v1/projects/rd-money-a29e3/services/firebaseapphosting.googleapis.com x-goog-quota-user=projects/rd-money-a29e3
[debug] [2025-11-15T14:41:03.991Z] >>> [apiv2][query] GET https://serviceusage.googleapis.com/v1/projects/rd-money-a29e3/services/firebaseio.com [none]
[debug] [2025-11-15T14:41:03.991Z] >>> [apiv2][(partial)header] GET https://serviceusage.googleapis.com/v1/projects/rd-money-a29e3/services/firebaseio.com x-goog-quota-user=projects/rd-money-a29e3
[debug] [2025-11-15T14:41:04.421Z] <<< [apiv2][status] GET https://serviceusage.googleapis.com/v1/projects/rd-money-a29e3/services/firestore.googleapis.com 200
[debug] [2025-11-15T14:41:04.422Z] <<< [apiv2][body] GET https://serviceusage.googleapis.com/v1/projects/rd-money-a29e3/services/firestore.googleapis.com [omitted]
[debug] [2025-11-15T14:41:04.749Z] <<< [apiv2][status] GET https://serviceusage.googleapis.com/v1/projects/rd-money-a29e3/services/firebaseio.com 403
[debug] [2025-11-15T14:41:04.749Z] <<< [apiv2][body] GET https://serviceusage.googleapis.com/v1/projects/rd-money-a29e3/services/firebaseio.com [omitted]
[debug] [2025-11-15T14:41:04.835Z] <<< [apiv2][status] GET https://serviceusage.googleapis.com/v1/projects/rd-money-a29e3/services/firebasedataconnect.googleapis.com 200
[debug] [2025-11-15T14:41:04.836Z] <<< [apiv2][body] GET https://serviceusage.googleapis.com/v1/projects/rd-money-a29e3/services/firebasedataconnect.googleapis.com [omitted]
[debug] [2025-11-15T14:41:04.838Z] <<< [apiv2][status] GET https://serviceusage.googleapis.com/v1/projects/rd-money-a29e3/services/identitytoolkit.googleapis.com 200
[debug] [2025-11-15T14:41:04.838Z] <<< [apiv2][body] GET https://serviceusage.googleapis.com/v1/projects/rd-money-a29e3/services/identitytoolkit.googleapis.com [omitted]
[debug] [2025-11-15T14:41:04.894Z] <<< [apiv2][status] GET https://serviceusage.googleapis.com/v1/projects/rd-money-a29e3/services/firebaseio.com 403
[debug] [2025-11-15T14:41:04.895Z] <<< [apiv2][body] GET https://serviceusage.googleapis.com/v1/projects/rd-money-a29e3/services/firebaseio.com [omitted]
[debug] [2025-11-15T14:41:04.901Z] <<< [apiv2][status] GET https://serviceusage.googleapis.com/v1/projects/rd-money-a29e3/services/fcm.googleapis.com 200
[debug] [2025-11-15T14:41:04.902Z] <<< [apiv2][body] GET https://serviceusage.googleapis.com/v1/projects/rd-money-a29e3/services/fcm.googleapis.com [omitted]
[debug] [2025-11-15T14:41:04.935Z] <<< [apiv2][status] GET https://serviceusage.googleapis.com/v1/projects/rd-money-a29e3/services/storage.googleapis.com 200
[debug] [2025-11-15T14:41:04.935Z] <<< [apiv2][body] GET https://serviceusage.googleapis.com/v1/projects/rd-money-a29e3/services/storage.googleapis.com [omitted]
[debug] [2025-11-15T14:41:04.947Z] <<< [apiv2][status] GET https://serviceusage.googleapis.com/v1/projects/rd-money-a29e3/services/firebasedataconnect.googleapis.com 200
[debug] [2025-11-15T14:41:04.947Z] <<< [apiv2][body] GET https://serviceusage.googleapis.com/v1/projects/rd-money-a29e3/services/firebasedataconnect.googleapis.com [omitted]
[debug] [2025-11-15T14:41:04.953Z] <<< [apiv2][status] GET https://serviceusage.googleapis.com/v1/projects/rd-money-a29e3/services/identitytoolkit.googleapis.com 200
[debug] [2025-11-15T14:41:04.953Z] <<< [apiv2][body] GET https://serviceusage.googleapis.com/v1/projects/rd-money-a29e3/services/identitytoolkit.googleapis.com [omitted]
[debug] [2025-11-15T14:41:04.973Z] <<< [apiv2][status] GET https://serviceusage.googleapis.com/v1/projects/rd-money-a29e3/services/firebaseapphosting.googleapis.com 200
[debug] [2025-11-15T14:41:04.973Z] <<< [apiv2][body] GET https://serviceusage.googleapis.com/v1/projects/rd-money-a29e3/services/firebaseapphosting.googleapis.com [omitted]
[debug] [2025-11-15T14:41:04.980Z] <<< [apiv2][status] GET https://serviceusage.googleapis.com/v1/projects/rd-money-a29e3/services/firebaseremoteconfig.googleapis.com 200
[debug] [2025-11-15T14:41:04.981Z] <<< [apiv2][body] GET https://serviceusage.googleapis.com/v1/projects/rd-money-a29e3/services/firebaseremoteconfig.googleapis.com [omitted]
[debug] [2025-11-15T14:41:05.000Z] <<< [apiv2][status] GET https://serviceusage.googleapis.com/v1/projects/rd-money-a29e3/services/firestore.googleapis.com 200
[debug] [2025-11-15T14:41:05.001Z] <<< [apiv2][body] GET https://serviceusage.googleapis.com/v1/projects/rd-money-a29e3/services/firestore.googleapis.com [omitted]
[debug] [2025-11-15T14:41:05.001Z] <<< [apiv2][status] GET https://serviceusage.googleapis.com/v1/projects/rd-money-a29e3/services/fcm.googleapis.com 200
[debug] [2025-11-15T14:41:05.001Z] <<< [apiv2][body] GET https://serviceusage.googleapis.com/v1/projects/rd-money-a29e3/services/fcm.googleapis.com [omitted]
[debug] [2025-11-15T14:41:05.012Z] <<< [apiv2][status] GET https://serviceusage.googleapis.com/v1/projects/rd-money-a29e3/services/storage.googleapis.com 200
[debug] [2025-11-15T14:41:05.013Z] <<< [apiv2][body] GET https://serviceusage.googleapis.com/v1/projects/rd-money-a29e3/services/storage.googleapis.com [omitted]
[debug] [2025-11-15T14:41:05.031Z] <<< [apiv2][status] GET https://serviceusage.googleapis.com/v1/projects/rd-money-a29e3/services/firebaseremoteconfig.googleapis.com 200
[debug] [2025-11-15T14:41:05.032Z] <<< [apiv2][body] GET https://serviceusage.googleapis.com/v1/projects/rd-money-a29e3/services/firebaseremoteconfig.googleapis.com [omitted]
[debug] [2025-11-15T14:41:05.039Z] <<< [apiv2][status] GET https://serviceusage.googleapis.com/v1/projects/rd-money-a29e3/services/firebaseapphosting.googleapis.com 200
[debug] [2025-11-15T14:41:05.040Z] <<< [apiv2][body] GET https://serviceusage.googleapis.com/v1/projects/rd-money-a29e3/services/firebaseapphosting.googleapis.com [omitted]
[debug] [2025-11-15T14:41:05.046Z] <<< [apiv2][status] GET https://serviceusage.googleapis.com/v1/projects/rd-money-a29e3/services/cloudfunctions.googleapis.com 200
[debug] [2025-11-15T14:41:05.046Z] <<< [apiv2][body] GET https://serviceusage.googleapis.com/v1/projects/rd-money-a29e3/services/cloudfunctions.googleapis.com [omitted]
[debug] [2025-11-15T14:41:05.065Z] <<< [apiv2][status] GET https://serviceusage.googleapis.com/v1/projects/rd-money-a29e3/services/cloudfunctions.googleapis.com 200
[debug] [2025-11-15T14:41:05.065Z] <<< [apiv2][body] GET https://serviceusage.googleapis.com/v1/projects/rd-money-a29e3/services/cloudfunctions.googleapis.com [omitted]
[error] Failed to fetch Firebase Project from Studio Workspace because WORKSPACE_SLUG environment variable is empty
[error] Failed to fetch Firebase Project from Studio Workspace because WORKSPACE_SLUG environment variable is empty
[error] Failed to fetch Firebase Project from Studio Workspace because WORKSPACE_SLUG environment variable is empty
[debug] [2025-11-15T14:41:05.071Z] > command requires scopes: ["email","openid","https://www.googleapis.com/auth/cloudplatformprojects.readonly","https://www.googleapis.com/auth/firebase","https://www.googleapis.com/auth/cloud-platform","https://www.googleapis.com/auth/userinfo.email"]
[debug] [2025-11-15T14:41:05.071Z] > authorizing via signed-in user (marumeandi@gmail.com)
[error] Failed to fetch Firebase Project from Studio Workspace because WORKSPACE_SLUG environment variable is empty
[debug] [2025-11-15T14:41:05.077Z] > command requires scopes: ["email","openid","https://www.googleapis.com/auth/cloudplatformprojects.readonly","https://www.googleapis.com/auth/firebase","https://www.googleapis.com/auth/cloud-platform","https://www.googleapis.com/auth/userinfo.email"]
[debug] [2025-11-15T14:41:05.079Z] > authorizing via signed-in user (marumeandi@gmail.com)
[error] Failed to fetch Firebase Project from Studio Workspace because WORKSPACE_SLUG environment variable is empty
[error] Failed to fetch Firebase Project from Studio Workspace because WORKSPACE_SLUG environment variable is empty
[error] Failed to fetch Firebase Project from Studio Workspace because WORKSPACE_SLUG environment variable is empty
[debug] [2025-11-15T14:41:05.131Z] > command requires scopes: ["email","openid","https://www.googleapis.com/auth/cloudplatformprojects.readonly","https://www.googleapis.com/auth/firebase","https://www.googleapis.com/auth/cloud-platform","https://www.googleapis.com/auth/userinfo.email"]
[debug] [2025-11-15T14:41:05.132Z] > authorizing via signed-in user (marumeandi@gmail.com)
[error] Failed to fetch Firebase Project from Studio Workspace because WORKSPACE_SLUG environment variable is empty
[debug] [2025-11-15T14:41:05.135Z] > command requires scopes: ["email","openid","https://www.googleapis.com/auth/cloudplatformprojects.readonly","https://www.googleapis.com/auth/firebase","https://www.googleapis.com/auth/cloud-platform","https://www.googleapis.com/auth/userinfo.email"]
[debug] [2025-11-15T14:41:05.135Z] > authorizing via signed-in user (marumeandi@gmail.com)
[error] Failed to fetch Firebase Project from Studio Workspace because WORKSPACE_SLUG environment variable is empty
[error] Failed to fetch Firebase Project from Studio Workspace because WORKSPACE_SLUG environment variable is empty
[error] Failed to fetch Firebase Project from Studio Workspace because WORKSPACE_SLUG environment variable is empty
[debug] [2025-11-15T14:41:05.148Z] > command requires scopes: ["email","openid","https://www.googleapis.com/auth/cloudplatformprojects.readonly","https://www.googleapis.com/auth/firebase","https://www.googleapis.com/auth/cloud-platform","https://www.googleapis.com/auth/userinfo.email"]
[debug] [2025-11-15T14:41:05.149Z] > authorizing via signed-in user (marumeandi@gmail.com)
[error] Failed to fetch Firebase Project from Studio Workspace because WORKSPACE_SLUG environment variable is empty
[debug] [2025-11-15T14:41:05.156Z] > command requires scopes: ["email","openid","https://www.googleapis.com/auth/cloudplatformprojects.readonly","https://www.googleapis.com/auth/firebase","https://www.googleapis.com/auth/cloud-platform","https://www.googleapis.com/auth/userinfo.email"]
[debug] [2025-11-15T14:41:05.156Z] > authorizing via signed-in user (marumeandi@gmail.com)
